<?xml version="1.0" encoding="UTF-8"?>
<!-- Generated by org.testng.reporters.JUnitXMLReporter -->
<testsuite hostname="DIN16002055" ignored="2" name="Test" tests="5" failures="2" timestamp="06 Feb 2019 11:18:40 GMT" time="0.107" errors="0">
  <testcase name="functionality2Test1" time="0.013" classname="extentReports.NewTest"/>
  <testcase name="functionality2Test2" time="0.023" classname="extentReports.NewTest">
    <failure type="java.lang.AssertionError" message="expected [Sakinala] but found [Krishna]">
      <![CDATA[java.lang.AssertionError: expected [Sakinala] but found [Krishna]
at extentReports.NewTest.functionality2Test2(NewTest.java:19)
... Removed 31 stack frames]]>
    </failure>
  </testcase> <!-- functionality2Test2 -->
  <testcase name="functionality2Test3" time="0.002" classname="extentReports.NewTest">
    <failure type="java.lang.AssertionError" message="null">
      <![CDATA[java.lang.AssertionError: null
at extentReports.NewTest.functionality2Test3(NewTest.java:28)
... Removed 28 stack frames]]>
    </failure>
  </testcase> <!-- functionality2Test3 -->
  <testcase name="TC1" time="0.001" classname="extentReports.NewTest1"/>
  <testcase name="TC2" time="0.002" classname="extentReports.NewTest1"/>
  <testcase name="@BeforeSuite setUp" time="0.0" classname="extentReports.ExtReportDemo">
    <ignored/>
  </testcase> <!-- @BeforeSuite setUp -->
  <testcase name="@AfterSuite tearDown" time="0.0" classname="extentReports.ExtReportDemo">
    <ignored/>
  </testcase> <!-- @AfterSuite tearDown -->
</testsuite> <!-- Test -->
