<?xml version="1.0" encoding="UTF-8"?>
<!-- Generated by org.testng.reporters.JUnitXMLReporter -->
<testsuite hostname="INIDC-ShaikhR" ignored="2" name="Suite Name" tests="6" failures="1" timestamp="2019-09-30T18:12:34 IST" time="0.14" errors="0">
  <testcase name="functionality2Test1" time="0.019" classname="extentReports.NewTest"/>
  <testcase name="functionality2Test2" time="0.003" classname="extentReports.NewTest">
    <failure type="java.lang.AssertionError" message="expected [Sakinala] but found [Krishna]">
      <![CDATA[java.lang.AssertionError: expected [Sakinala] but found [Krishna]
at extentReports.NewTest.functionality2Test2(NewTest.java:25)
at java.util.ArrayList.forEach(Unknown Source)
... Removed 32 stack frames]]>
    </failure>
  </testcase> <!-- functionality2Test2 -->
  <testcase name="functionality2Test3" time="0.005" classname="extentReports.NewTest">
    <skipped/>
  </testcase> <!-- functionality2Test3 -->
  <testcase name="TC1" time="0.001" classname="extentReports.NewTest1"/>
  <testcase name="TC2" time="0.005" classname="extentReports.NewTest1"/>
  <testcase name="TC3" time="0.006" classname="extentReports.NewTest1">
    <skipped/>
  </testcase> <!-- TC3 -->
  <testcase name="@BeforeSuite setUp" time="0.0" classname="extentReports.ExtReportDemo">
    <ignored/>
  </testcase> <!-- @BeforeSuite setUp -->
  <testcase name="@AfterSuite tearDown" time="0.0" classname="extentReports.ExtReportDemo">
    <ignored/>
  </testcase> <!-- @AfterSuite tearDown -->
</testsuite> <!-- Suite Name -->
